#-----------------------------------------------------------
# Vivado v2020.1 (64-bit)
# SW Build 2902540 on Wed May 27 19:54:49 MDT 2020
# IP Build 2902112 on Wed May 27 22:43:36 MDT 2020
# Start of session at: Sat May 28 19:52:34 2022
# Process ID: 18132
# Current directory: D:/CPU_with_TWO_ip_cores_with_button_v4/CPU_with_ip_core_with_button_v1
# Command line: vivado.exe -gui_launcher_event rodinguilauncherevent17488 D:\CPU_with_TWO_ip_cores_with_button_v4\CPU_with_ip_core_with_button_v1\CPU.xpr
# Log file: D:/CPU_with_TWO_ip_cores_with_button_v4/CPU_with_ip_core_with_button_v1/vivado.log
# Journal file: D:/CPU_with_TWO_ip_cores_with_button_v4/CPU_with_ip_core_with_button_v1\vivado.jou
#-----------------------------------------------------------
start_guiopen_project D:/CPU_with_TWO_ip_cores_with_button_v4/CPU_with_ip_core_with_button_v1/CPU.xpr
Scanning sources...
Finished scanning sources
IINFO: [IP_Flow 19-234] Refreshing IP repositories
INFO: [IP_Flow 19-1704] No user IP repositories specifiedIINFO: [IP_Flow 19-2313] Loaded Vivado IP repository 'D:/Vivado2020/Vivado/2020.1/data/ip'.open_project: Time (s): cpu = 00:00:27 ; elapsed = 00:00:34 . Memory (MB): peak = 1036.215 ; gain = 0.000update_compile_order -fileset sources_1
WWARNING: [Common 17-9] Error reading message records.
WARNING: [Common 17-9] Error reading message records.
exit
INFO: [Common 17-206] Exiting Vivado at Sat May 28 23:50:24 2022...

ing a default widget
INFO: [IP_Flow 19-3484] Absolute path of file 'd:/CPU_with_TWO_ip_cores_with_button_v4/CPU_with_ip_core_with_button_v1/test.coe' provided. It will be converted relative to IP Instance files '../../../../test.coe'
set_property -dict [list CONFIG.Coe_File {D:/CPU_with_TWO_ip_cores_with_button_v4/CPU_with_ip_core_with_button_v1/test.coe}] [get_ips RAM]
INFO: [IP_Flow 19-3484] Absolute path of file 'd:/CPU_with_TWO_ip_cores_with_button_v4/CPU_with_ip_core_with_button_v1/test.coe' provided. It will be converted relative to IP Instance files '../../../../test.coe'
generate_target all [get_files  D:/CPU_with_TWO_ip_cores_with_button_v4/CPU_with_ip_core_with_button_v1/CPU.srcs/sources_1/ip/RAM/RAM.xci]
INFO: [IP_Flow 19-1686] Generating 'Instantiation Template' target for IP 'RAM'...
INFO: [IP_Flow 19-1686] Generating 'Synthesis' target for IP 'RAM'...
INFO: [IP_Flow 19-1686] Generating 'Simulation' target for IP 'RAM'...
INFO: [IP_Flow 19-1686] Generating 'Miscellaneous' target for IP 'RAM'...
INFO: [IP_Flow 19-1686] Generating 'Change Log' target for IP 'RAM'...
catch { config_ip_cache -export [get_ips -all RAM] }
export_ip_user_files -of_objects [get_files D:/CPU_with_TWO_ip_cores_with_button_v4/CPU_with_ip_core_with_button_v1/CPU.srcs/sources_1/ip/RAM/RAM.xci] -no_script -sync -force -quiet
reset_run RAM_synth_1
WARNING: [Vivado 12-1017] Problems encountered:
1. Failed to delete one or more files in run directory D:/CPU_with_TWO_ip_cores_with_button_v4/CPU_with_ip_core_with_button_v1/CPU.runs/RAM_synth_1

launch_runs RAM_synth_1 -jobs 6
[Sat May 28 19:55:48 2022] Launched RAM_synth_1...
Run output will be captured here: D:/CPU_with_TWO_ip_cores_with_button_v4/CPU_with_ip_core_with_button_v1/CPU.runs/RAM_synth_1/runme.log
export_simulation -of_objects [get_files D:/CPU_with_TWO_ip_cores_with_button_v4/CPU_with_ip_core_with_button_v1/CPU.srcs/sources_1/ip/RAM/RAM.xci] -directory D:/CPU_with_TWO_ip_cores_with_button_v4/CPU_with_ip_core_with_button_v1/CPU.ip_user_files/sim_scripts -ip_user_files_dir D:/CPU_with_TWO_ip_cores_with_button_v4/CPU_with_ip_core_with_button_v1/CPU.ip_user_files -ipstatic_source_dir D:/CPU_with_TWO_ip_cores_with_button_v4/CPU_with_ip_core_with_button_v1/CPU.ip_user_files/ipstatic -lib_map_path [list {modelsim=D:/CPU_with_TWO_ip_cores_with_button_v4/CPU_with_ip_core_with_button_v1/CPU.cache/compile_simlib/modelsim} {questa=D:/CPU_with_TWO_ip_cores_with_button_v4/CPU_with_ip_core_with_button_v1/CPU.cache/compile_simlib/questa} {riviera=D:/CPU_with_TWO_ip_cores_with_button_v4/CPU_with_ip_core_with_button_v1/CPU.cache/compile_simlib/riviera} {activehdl=D:/CPU_with_TWO_ip_cores_with_button_v4/CPU_with_ip_core_with_button_v1/CPU.cache/compile_simlib/activehdl}] -use_ip_compiled_libs -force -quiet
launch_simulation
Command: launch_simulation 
INFO: [Vivado 12-5698] Checking validity of IPs in the design for the 'XSim' simulator...
INFO: [Vivado 12-5682] Launching behavioral simulation in 'D:/CPU_with_TWO_ip_cores_with_button_v4/CPU_with_ip_core_with_button_v1/CPU.sim/sim_1/behav/xsim'
INFO: [Vivado 12-4795] Using compiled simulation libraries for IPs
INFO: [SIM-utils-51] Simulation object is 'sim_1'
INFO: [USF-XSim-7] Finding pre-compiled libraries...
INFO: [USF-XSim-11] File 'D:/Vivado2020/Vivado/2020.1/data/xsim/xsim.ini' copied to run dir:'D:/CPU_with_TWO_ip_cores_with_button_v4/CPU_with_ip_core_with_button_v1/CPU.sim/sim_1/behav/xsim'
INFO: [SIM-utils-54] Inspecting design source files for 'test_nonflag' in fileset 'sim_1'...
INFO: [SIM-utils-43] Exported 'D:/CPU_with_TWO_ip_cores_with_button_v4/CPU_with_ip_core_with_button_v1/CPU.sim/sim_1/behav/xsim/MEMORY.mif'
INFO: [SIM-utils-43] Exported 'D:/CPU_with_TWO_ip_cores_with_button_v4/CPU_with_ip_core_with_button_v1/CPU.sim/sim_1/behav/xsim/MEMORY-v1.COE'
INFO: [SIM-utils-43] Exported 'D:/CPU_with_TWO_ip_cores_with_button_v4/CPU_with_ip_core_with_button_v1/CPU.sim/sim_1/behav/xsim/RAM.mif'
INFO: [SIM-utils-43] Exported 'D:/CPU_with_TWO_ip_cores_with_button_v4/CPU_with_ip_core_with_button_v1/CPU.sim/sim_1/behav/xsim/test.coe'
INFO: [SIM-utils-43] Exported 'D:/CPU_with_TWO_ip_cores_with_button_v4/CPU_with_ip_core_with_button_v1/CPU.sim/sim_1/behav/xsim/1to100.coe'
INFO: [SIM-utils-43] Exported 'D:/CPU_with_TWO_ip_cores_with_button_v4/CPU_with_ip_core_with_button_v1/CPU.sim/sim_1/behav/xsim/mul.coe'
INFO: [SIM-utils-43] Exported 'D:/CPU_with_TWO_ip_cores_with_button_v4/CPU_with_ip_core_with_button_v1/CPU.sim/sim_1/behav/xsim/exe6.coe'
INFO: [SIM-utils-43] Exported 'D:/CPU_with_TWO_ip_cores_with_button_v4/CPU_with_ip_core_with_button_v1/CPU.sim/sim_1/behav/xsim/test3.coe'
INFO: [USF-XSim-97] Finding global include files...
INFO: [USF-XSim-98] Fetching design files from 'sim_1'...
INFO: [USF-XSim-2] XSim::Compile design
INFO: [USF-XSim-61] Executing 'COMPILE and ANALYZE' step in 'D:/CPU_with_TWO_ip_cores_with_button_v4/CPU_with_ip_core_with_button_v1/CPU.sim/sim_1/behav/xsim'
"xvlog --incr --relax -prj test_nonflag_vlog.prj"
INFO: [VRFC 10-2263] Analyzing Verilog file "D:/CPU_with_TWO_ip_cores_with_button_v4/CPU_with_ip_core_with_button_v1/CPU.srcs/sources_1/ip/RAM/sim/RAM.v" into library xil_defaultlib
INFO: [VRFC 10-311] analyzing module RAM
INFO: [VRFC 10-2263] Analyzing Verilog file "D:/CPU_with_TWO_ip_cores_with_button_v4/CPU_with_ip_core_with_button_v1/CPU.srcs/sources_1/ip/MEMORY/sim/MEMORY.v" into library xil_defaultlib
INFO: [VRFC 10-311] analyzing module MEMORY
INFO: [VRFC 10-2263] Analyzing Verilog file "D:/CPU_with_TWO_ip_cores_with_button_v4/CPU_with_ip_core_with_button_v1/CPU.srcs/sources_1/new/ACC.v" into library xil_defaultlib
INFO: [VRFC 10-311] analyzing module ACC
INFO: [VRFC 10-2263] Analyzing Verilog file "D:/CPU_with_TWO_ip_cores_with_button_v4/CPU_with_ip_core_with_button_v1/CPU.srcs/sources_1/new/ALU.v" into library xil_defaultlib
INFO: [VRFC 10-311] analyzing module ALU
INFO: [VRFC 10-2263] Analyzing Verilog file "D:/CPU_with_TWO_ip_cores_with_button_v4/CPU_with_ip_core_with_button_v1/CPU.srcs/sources_1/new/BR.v" into library xil_defaultlib
INFO: [VRFC 10-311] analyzing module BR
INFO: [VRFC 10-2263] Analyzing Verilog file "D:/CPU_with_TWO_ip_cores_with_button_v4/CPU_with_ip_core_with_button_v1/CPU.srcs/sources_1/new/CU.v" into library xil_defaultlib
INFO: [VRFC 10-311] analyzing module CU
INFO: [VRFC 10-2263] Analyzing Verilog file "D:/CPU_with_TWO_ip_cores_with_button_v4/CPU_with_ip_core_with_button_v1/CPU.srcs/sources_1/new/IR.v" into library xil_defaultlib
INFO: [VRFC 10-311] analyzing module IR
INFO: [VRFC 10-2263] Analyzing Verilog file "D:/CPU_with_TWO_ip_cores_with_button_v4/CPU_with_ip_core_with_button_v1/CPU.srcs/sources_1/new/MAR.v" into library xil_defaultlib
INFO: [VRFC 10-311] analyzing module MAR
INFO: [VRFC 10-2263] Analyzing Verilog file "D:/CPU_with_TWO_ip_cores_with_button_v4/CPU_with_ip_core_with_button_v1/CPU.srcs/sources_1/new/MBR.v" into library xil_defaultlib
INFO: [VRFC 10-311] analyzing module MBR
INFO: [VRFC 10-2263] Analyzing Verilog file "D:/CPU_with_TWO_ip_cores_with_button_v4/CPU_with_ip_core_with_button_v1/CPU.srcs/sources_1/new/MR.v" into library xil_defaultlib
INFO: [VRFC 10-311] analyzing module MR
INFO: [VRFC 10-2263] Analyzing Verilog file "D:/CPU_with_TWO_ip_cores_with_button_v4/CPU_with_ip_core_with_button_v1/CPU.srcs/sources_1/new/PC.v" into library xil_defaultlib
INFO: [VRFC 10-311] analyzing module PC
INFO: [VRFC 10-2263] Analyzing Verilog file "D:/CPU_with_TWO_ip_cores_with_button_v4/CPU_with_ip_core_with_button_v1/CPU.srcs/sources_1/new/RAM_mod.v" into library xil_defaultlib
INFO: [VRFC 10-311] analyzing module RAM_mod
INFO: [VRFC 10-2263] Analyzing Verilog file "D:/CPU_with_TWO_ip_cores_with_button_v4/CPU_with_ip_core_with_button_v1/CPU.srcs/sources_1/new/TOP.v" into library xil_defaultlib
INFO: [VRFC 10-311] analyzing module TOP_sim
INFO: [VRFC 10-311] analyzing module TOP_alu
INFO: [VRFC 10-2263] Analyzing Verilog file "D:/CPU_with_TWO_ip_cores_with_button_v4/CPU_with_ip_core_with_button_v1/CPU.srcs/sources_1/new/seg7.v" into library xil_defaultlib
INFO: [VRFC 10-311] analyzing module seg7
INFO: [VRFC 10-2263] Analyzing Verilog file "D:/CPU_with_TWO_ip_cores_with_button_v4/CPU_with_ip_core_with_button_v1/CPU.srcs/sim_1/new/test_noflag.v" into library xil_defaultlib
INFO: [VRFC 10-311] analyzing module test_nonflag
INFO: [USF-XSim-69] 'compile' step finished in '4' seconds
INFO: [USF-XSim-3] XSim::Elaborate design
INFO: [USF-XSim-61] Executing 'ELABORATE' step in 'D:/CPU_with_TWO_ip_cores_with_button_v4/CPU_with_ip_core_with_button_v1/CPU.sim/sim_1/behav/xsim'
"xelab -wto 73c18d80dabf4a26879973bcbcada2c3 --incr --debug typical --relax --mt 2 -L blk_mem_gen_v8_4_4 -L xil_defaultlib -L unisims_ver -L unimacro_ver -L secureip -L xpm --snapshot test_nonflag_behav xil_defaultlib.test_nonflag xil_defaultlib.glbl -log elaborate.log"
Vivado Simulator 2020.1
Copyright 1986-1999, 2001-2020 Xilinx, Inc. All Rights Reserved.
Running: D:/Vivado2020/Vivado/2020.1/bin/unwrapped/win64.o/xelab.exe -wto 73c18d80dabf4a26879973bcbcada2c3 --incr --debug typical --relax --mt 2 -L blk_mem_gen_v8_4_4 -L xil_defaultlib -L unisims_ver -L unimacro_ver -L secureip -L xpm --snapshot test_nonflag_behav xil_defaultlib.test_nonflag xil_defaultlib.glbl -log elaborate.log 
Using 2 slave threads.
Starting static elaboration
Pass Through NonSizing Optimizer
WARNING: [VRFC 10-3091] actual bit length 32 differs from formal bit length 16 for port 'control_signals' [D:/CPU_with_TWO_ip_cores_with_button_v4/CPU_with_ip_core_with_button_v1/CPU.srcs/sources_1/new/TOP.v:53]
WARNING: [VRFC 10-5021] port 'btn' is not connected on this instance [D:/CPU_with_TWO_ip_cores_with_button_v4/CPU_with_ip_core_with_button_v1/CPU.srcs/sources_1/new/TOP.v:37]
Completed static elaboration
Starting simulation data flow analysis
Completed simulation data flow analysis
Time Resolution for simulation is 1ps
Compiling module xil_defaultlib.seg7
Compiling module xil_defaultlib.ACC
Compiling module xil_defaultlib.ALU
Compiling module xil_defaultlib.BR
Compiling module blk_mem_gen_v8_4_4.blk_mem_gen_v8_4_4_output_stage(...
Compiling module blk_mem_gen_v8_4_4.blk_mem_gen_v8_4_4_softecc_outpu...
Compiling module blk_mem_gen_v8_4_4.blk_mem_gen_v8_4_4_mem_module(C_...
Compiling module blk_mem_gen_v8_4_4.blk_mem_gen_v8_4_4(C_FAMILY="art...
Compiling module xil_defaultlib.MEMORY
Compiling module xil_defaultlib.CU
Compiling module xil_defaultlib.IR
Compiling module xil_defaultlib.MAR
Compiling module xil_defaultlib.MBR
Compiling module xil_defaultlib.MR
Compiling module xil_defaultlib.PC
Compiling module blk_mem_gen_v8_4_4.blk_mem_gen_v8_4_4_output_stage(...
Compiling module blk_mem_gen_v8_4_4.blk_mem_gen_v8_4_4_output_stage(...
Compiling module blk_mem_gen_v8_4_4.blk_mem_gen_v8_4_4_softecc_outpu...
Compiling module blk_mem_gen_v8_4_4.blk_mem_gen_v8_4_4_mem_module(C_...
Compiling module blk_mem_gen_v8_4_4.blk_mem_gen_v8_4_4(C_FAMILY="art...
Compiling module xil_defaultlib.RAM
Compiling module xil_defaultlib.RAM_mod
Compiling module xil_defaultlib.TOP_sim
Compiling module xil_defaultlib.test_nonflag
Compiling module xil_defaultlib.glbl
Built simulation snapshot test_nonflag_behav

****** Webtalk v2020.1 (64-bit)
  **** SW Build 2902540 on Wed May 27 19:54:49 MDT 2020
  **** IP Build 2902112 on Wed May 27 22:43:36 MDT 2020
    ** Copyright 1986-2020 Xilinx, Inc. All Rights Reserved.

source D:/CPU_with_TWO_ip_cores_with_button_v4/CPU_with_ip_core_with_button_v1/CPU.sim/sim_1/behav/xsim/xsim.dir/test_nonflag_behav/webtalk/xsim_webtalk.tcl -notrace
INFO: [Common 17-186] 'D:/CPU_with_TWO_ip_cores_with_button_v4/CPU_with_ip_core_with_button_v1/CPU.sim/sim_1/behav/xsim/xsim.dir/test_nonflag_behav/webtalk/usage_statistics_ext_xsim.xml' has been successfully sent to Xilinx on Sat May 28 19:58:14 2022. For additional details about this file, please refer to the WebTalk help file at D:/Vivado2020/Vivado/2020.1/doc/webtalk_introduction.html.
INFO: [Common 17-206] Exiting Webtalk at Sat May 28 19:58:14 2022...
run_program: Time (s): cpu = 00:00:00 ; elapsed = 00:00:20 . Memory (MB): peak = 1018.930 ; gain = 0.000
INFO: [USF-XSim-69] 'elaborate' step finished in '20' seconds
INFO: [USF-XSim-4] XSim::Simulate design
INFO: [USF-XSim-61] Executing 'SIMULATE' step in 'D:/CPU_with_TWO_ip_cores_with_button_v4/CPU_with_ip_core_with_button_v1/CPU.sim/sim_1/behav/xsim'
INFO: [USF-XSim-98] *** Running xsim
   with args "test_nonflag_behav -key {Behavioral:sim_1:Functional:test_nonflag} -tclbatch {test_nonflag.tcl} -view {D:/CPU_with_TWO_ip_cores_with_button_v4/CPU_with_ip_core_with_button_v1/test_CPU_behav.wcfg} -log {simulate.log}"
INFO: [USF-XSim-8] Loading simulator feature
Vivado Simulator 2020.1
Time resolution is 1 ps
open_wave_config D:/CPU_with_TWO_ip_cores_with_button_v4/CPU_with_ip_core_with_button_v1/test_CPU_behav.wcfg
source test_nonflag.tcl
# set curr_wave [current_wave_config]
# if { [string length $curr_wave] == 0 } {
#   if { [llength [get_objects]] > 0} {
#     add_wave /
#     set_property needs_save false [current_wave_config]
#   } else {
#      send_msg_id Add_Wave-1 WARNING "No top level signals found. Simulator will start without a wave window. If you want to open a wave window go to 'File->New Waveform Configuration' or type 'create_wave_config' in the TCL console."
#   }
# }
# run 20000ns
 Block Memory Generator module loading initial data...
 Block Memory Generator data initialization complete.
Block Memory Generator module test_nonflag.top_noflag.cu.memory.inst.\native_mem_module.blk_mem_gen_v8_4_4_inst  is using a behavioral model for simulation which will not precisely model memory collision behavior.
 Block Memory Generator module loading initial data...
 Block Memory Generator data initialization complete.
Block Memory Generator module test_nonflag.top_noflag.ram_mod.my_RAM.inst.\native_mem_module.blk_mem_gen_v8_4_4_inst  is using a behavioral model for simulation which will not precisely model memory collision behavior.
xsim: Time (s): cpu = 00:00:05 ; elapsed = 00:00:06 . Memory (MB): peak = 1030.551 ; gain = 1.523
INFO: [USF-XSim-96] XSim completed. Design snapshot 'test_nonflag_behav' loaded.
INFO: [USF-XSim-97] XSim simulation ran for 20000ns
launch_simulation: Time (s): cpu = 00:00:09 ; elapsed = 00:00:32 . Memory (MB): peak = 1030.551 ; gain = 11.621
close_sim
INFO: [Simtcl 6-16] Simulation closed
close_sim: Time (s): cpu = 00:00:01 ; elapsed = 00:00:07 . Memory (MB): peak = 1150.164 ; gain = 0.000
exit
INFO: [Common 17-206] Exiting Vivado at Sat May 28 20:01:58 2022...
